<?xml version="1.0" encoding="UTF-8"?>
<testsuite xmlns:xsi="http://www.w3.org/2001/XMLSchema-instance" xsi:noNamespaceSchemaLocation="https://maven.apache.org/surefire/maven-surefire-plugin/xsd/surefire-test-report-3.0.xsd" version="3.0" name="com.marche.marche.MarcheApplicationTests" time="18.57" tests="1" errors="0" skipped="0" failures="0">
  <properties>
[...]
</properties>
  <testcase name="contextLoads" classname="com.marche.marche.MarcheApplicationTests" time="1.173">
    <system-out><![CDATA[12:02:54.498 [main] INFO org.springframework.test.context.support.AnnotationConfigContextLoaderUtils -- Could not detect default configuration classes for test class [com.marche.marche.MarcheApplicationTests]: MarcheApplicationTests does not declare any static, non-private, non-final, nested classes annotated with @Configuration.
12:02:54.698 [main] INFO org.springframework.boot.test.context.SpringBootTestContextBootstrapper -- Found @SpringBootConfiguration com.marche.marche.MarcheApplication for test class com.marche.marche.MarcheApplicationTests

  .   ____          _            __ _ _
 /\\ / ___'_ __ _ _(_)_ __  __ _ \ \ \ \
( ( )\___ | '_ | '_| | '_ \/ _` | \ \ \ \
 \\/  ___)| |_)| | | | | || (_| |  ) ) ) )
  '  |____| .__|_| |_|_| |_\__, | / / / /
 =========|_|==============|___/=/_/_/_/
 :: Spring Boot ::                (v3.2.1)

2024-08-11T12:02:55.822+03:00  INFO 28284 --- [           main] c.marche.marche.MarcheApplicationTests   : Starting MarcheApplicationTests using Java 17.0.9 with PID 28284 (started by nykan in D:\stage\Marche)
2024-08-11T12:02:55.825+03:00  INFO 28284 --- [           main] c.marche.marche.MarcheApplicationTests   : No active profile set, falling back to 1 default profile: "default"
2024-08-11T12:02:58.014+03:00  INFO 28284 --- [           main] .s.d.r.c.RepositoryConfigurationDelegate : Bootstrapping Spring Data JPA repositories in DEFAULT mode.
2024-08-11T12:02:58.204+03:00  INFO 28284 --- [           main] .s.d.r.c.RepositoryConfigurationDelegate : Finished Spring Data repository scanning in 174 ms. Found 18 JPA repository interfaces.
2024-08-11T12:02:59.918+03:00  INFO 28284 --- [           main] o.hibernate.jpa.internal.util.LogHelper  : HHH000204: Processing PersistenceUnitInfo [name: default]
2024-08-11T12:03:00.088+03:00  INFO 28284 --- [           main] org.hibernate.Version                    : HHH000412: Hibernate ORM core version 6.4.1.Final
2024-08-11T12:03:00.188+03:00  INFO 28284 --- [           main] o.h.c.internal.RegionFactoryInitiator    : HHH000026: Second-level cache disabled
2024-08-11T12:03:00.819+03:00  INFO 28284 --- [           main] o.s.o.j.p.SpringPersistenceUnitInfo      : No LoadTimeWeaver setup: ignoring JPA class transformer
2024-08-11T12:03:00.860+03:00  INFO 28284 --- [           main] com.zaxxer.hikari.HikariDataSource       : HikariPool-1 - Starting...
2024-08-11T12:03:01.151+03:00  INFO 28284 --- [           main] com.zaxxer.hikari.pool.HikariPool        : HikariPool-1 - Added connection org.postgresql.jdbc.PgConnection@7b2d58e6
2024-08-11T12:03:01.155+03:00  INFO 28284 --- [           main] com.zaxxer.hikari.HikariDataSource       : HikariPool-1 - Start completed.
2024-08-11T12:03:01.206+03:00  WARN 28284 --- [           main] org.hibernate.orm.deprecation            : HHH90000025: PostgreSQLDialect does not need to be specified explicitly using 'hibernate.dialect' (remove the property setting and it will be selected by default)
2024-08-11T12:03:03.948+03:00  INFO 28284 --- [           main] o.h.e.t.j.p.i.JtaPlatformInitiator       : HHH000489: No JTA platform available (set 'hibernate.transaction.jta.platform' to enable JTA platform integration)
2024-08-11T12:03:04.487+03:00  INFO 28284 --- [           main] j.LocalContainerEntityManagerFactoryBean : Initialized JPA EntityManagerFactory for persistence unit 'default'
2024-08-11T12:03:07.208+03:00  WARN 28284 --- [           main] JpaBaseConfiguration$JpaWebConfiguration : spring.jpa.open-in-view is enabled by default. Therefore, database queries may be performed during view rendering. Explicitly configure spring.jpa.open-in-view to disable this warning
2024-08-11T12:03:09.230+03:00  INFO 28284 --- [           main] o.s.b.a.e.web.EndpointLinksResolver      : Exposing 1 endpoint(s) beneath base path '/actuator'
2024-08-11T12:03:09.458+03:00  INFO 28284 --- [           main] o.s.s.web.DefaultSecurityFilterChain     : Will secure any request with [org.springframework.security.web.session.DisableEncodeUrlFilter@4f31e47a, org.springframework.security.web.context.request.async.WebAsyncManagerIntegrationFilter@7c142018, org.springframework.security.web.context.SecurityContextHolderFilter@67f8586f, org.springframework.security.web.header.HeaderWriterFilter@3343997b, org.springframework.web.filter.CorsFilter@7ef706b0, org.springframework.security.web.authentication.logout.LogoutFilter@20307cb9, com.marche.marche.authentification.JwtAuthorizationFilter@2f006edf, org.springframework.security.web.savedrequest.RequestCacheAwareFilter@77984827, org.springframework.security.web.servletapi.SecurityContextHolderAwareRequestFilter@3b87c881, org.springframework.security.web.authentication.AnonymousAuthenticationFilter@793577e0, org.springframework.security.web.session.SessionManagementFilter@5811f080, org.springframework.security.web.access.ExceptionTranslationFilter@ebe3561, org.springframework.security.web.access.intercept.FilterSecurityInterceptor@73344f4a]
2024-08-11T12:03:10.610+03:00  WARN 28284 --- [           main] ion$DefaultTemplateResolverConfiguration : Cannot find template location: classpath:/templates/ (please add some templates, check your Thymeleaf configuration, or set spring.thymeleaf.check-template-location=false)
2024-08-11T12:03:11.534+03:00  INFO 28284 --- [           main] c.marche.marche.MarcheApplicationTests   : Started MarcheApplicationTests in 16.434 seconds (process running for 18.383)
]]></system-out>
  </testcase>
</testsuite>